INFO: 2024-12-29 09:21:14,777: main() 'Using profile folder /home/roxor/.config/variety/'
INFO: 2024-12-29 09:21:14,779: perform_upgrade() 'Last run version was 0.8.12 or earlier, current version is 0.8.12'
INFO: 2024-12-29 09:21:14,819: process_command() 'Received command: []'
INFO: 2024-12-29 09:21:14,821: start() 'Using data_path /nix/store/23201wr3m7skkg6rvjqap6hc8nmgqg4d-variety-0.8.12/share/variety'
INFO: 2024-12-29 09:21:14,821: load() 'Jumble loading'
INFO: 2024-12-29 09:21:14,821: _walk_modules() 'Jumble loading module in __init__ from /nix/store/23201wr3m7skkg6rvjqap6hc8nmgqg4d-variety-0.8.12/lib/python3.12/site-packages/variety/plugins/builtin/__init__.py'
INFO: 2024-12-29 09:21:14,822: _walk_modules() 'Jumble loading module in GnomeDisplayModesPlugin from /nix/store/23201wr3m7skkg6rvjqap6hc8nmgqg4d-variety-0.8.12/lib/python3.12/site-packages/variety/plugins/builtin/display_modes/GnomeDisplayModesPlugin.py'
INFO: 2024-12-29 09:21:14,822: load() 'Jumble found plugin class: <class 'GnomeDisplayModesPlugin.GnomeDisplayModesPlugin'>: {'name': 'GnomeDisplayModesPlugin', 'description': 'Display modes relying on the underlying desktop environment', 'version': '1.0', 'author': 'Peter Levi'}'
INFO: 2024-12-29 09:21:14,822: _walk_modules() 'Jumble loading module in LegacyDisplayModesPlugin from /nix/store/23201wr3m7skkg6rvjqap6hc8nmgqg4d-variety-0.8.12/lib/python3.12/site-packages/variety/plugins/builtin/display_modes/LegacyDisplayModesPlugin.py'
INFO: 2024-12-29 09:21:14,823: load() 'Jumble found plugin class: <class 'LegacyDisplayModesPlugin.LegacyDisplayModesPlugin'>: {'name': 'LegacyDisplayModesPlugin', 'description': 'Legacy display mode for compatibility with past Variety versions', 'version': '1.0', 'author': 'Peter Levi'}'
INFO: 2024-12-29 09:21:14,823: _walk_modules() 'Jumble loading module in ResizingDisplayModesPlugin from /nix/store/23201wr3m7skkg6rvjqap6hc8nmgqg4d-variety-0.8.12/lib/python3.12/site-packages/variety/plugins/builtin/display_modes/ResizingDisplayModesPlugin.py'
INFO: 2024-12-29 09:21:14,823: load() 'Jumble found plugin class: <class 'ResizingDisplayModesPlugin.ResizingDisplayModesPlugin'>: {'name': 'ResizingDisplayModesPlugin', 'description': 'Display modes that use image resizing within Variety', 'version': '1.0', 'author': 'Peter Levi'}'
INFO: 2024-12-29 09:21:14,823: _walk_modules() 'Jumble loading module in __init__ from /nix/store/23201wr3m7skkg6rvjqap6hc8nmgqg4d-variety-0.8.12/lib/python3.12/site-packages/variety/plugins/builtin/display_modes/__init__.py'
INFO: 2024-12-29 09:21:14,824: _walk_modules() 'Jumble loading module in APODDownloader from /nix/store/23201wr3m7skkg6rvjqap6hc8nmgqg4d-variety-0.8.12/lib/python3.12/site-packages/variety/plugins/builtin/downloaders/APODDownloader.py'
INFO: 2024-12-29 09:21:14,824: load() 'Jumble found plugin class: <class 'APODDownloader.APODDownloader'>: {'name': 'APODDownloader', 'description': 'NASA Astro Pic of the Day', 'author': 'Peter Levi', 'version': '0.1'}'
INFO: 2024-12-29 09:21:14,825: _walk_modules() 'Jumble loading module in ArtStationDownloader from /nix/store/23201wr3m7skkg6rvjqap6hc8nmgqg4d-variety-0.8.12/lib/python3.12/site-packages/variety/plugins/builtin/downloaders/ArtStationDownloader.py'
INFO: 2024-12-29 09:21:14,825: _walk_modules() 'Jumble loading module in ArtStationSource from /nix/store/23201wr3m7skkg6rvjqap6hc8nmgqg4d-variety-0.8.12/lib/python3.12/site-packages/variety/plugins/builtin/downloaders/ArtStationSource.py'
INFO: 2024-12-29 09:21:14,826: load() 'Jumble found plugin class: <class 'ArtStationSource.ArtStationSource'>: {'name': 'ArtStationSource', 'description': 'Configurable source for fetching images from ArtStation', 'author': 'Denis Gordeev', 'version': '0.1'}'
INFO: 2024-12-29 09:21:14,826: _walk_modules() 'Jumble loading module in BingDownloader from /nix/store/23201wr3m7skkg6rvjqap6hc8nmgqg4d-variety-0.8.12/lib/python3.12/site-packages/variety/plugins/builtin/downloaders/BingDownloader.py'
INFO: 2024-12-29 09:21:14,827: load() 'Jumble found plugin class: <class 'BingDownloader.BingDownloader'>: {'name': 'BingDownloader', 'description': 'Bing Photo of the Day', 'author': 'Peter Levi', 'version': '0.1'}'
INFO: 2024-12-29 09:21:14,827: _walk_modules() 'Jumble loading module in EarthviewDownloader from /nix/store/23201wr3m7skkg6rvjqap6hc8nmgqg4d-variety-0.8.12/lib/python3.12/site-packages/variety/plugins/builtin/downloaders/EarthviewDownloader.py'
INFO: 2024-12-29 09:21:14,827: load() 'Jumble found plugin class: <class 'EarthviewDownloader.EarthviewDownloader'>: {'name': 'EarthviewDownloader', 'description': 'Google Earth View Wallpapers', 'author': 'Peter Levi', 'version': '0.1'}'
INFO: 2024-12-29 09:21:14,827: _walk_modules() 'Jumble loading module in MediaRSSDownloader from /nix/store/23201wr3m7skkg6rvjqap6hc8nmgqg4d-variety-0.8.12/lib/python3.12/site-packages/variety/plugins/builtin/downloaders/MediaRSSDownloader.py'
INFO: 2024-12-29 09:21:14,828: _walk_modules() 'Jumble loading module in MediaRSSSource from /nix/store/23201wr3m7skkg6rvjqap6hc8nmgqg4d-variety-0.8.12/lib/python3.12/site-packages/variety/plugins/builtin/downloaders/MediaRSSSource.py'
INFO: 2024-12-29 09:21:14,829: load() 'Jumble found plugin class: <class 'MediaRSSSource.MediaRSSSource'>: {'name': 'MediaRSSSource', 'description': 'Configurable source for fetching images from MediaRSS feeds', 'author': 'Peter Levi', 'version': '0.1'}'
INFO: 2024-12-29 09:21:14,829: _walk_modules() 'Jumble loading module in NationalGeographicDownloader from /nix/store/23201wr3m7skkg6rvjqap6hc8nmgqg4d-variety-0.8.12/lib/python3.12/site-packages/variety/plugins/builtin/downloaders/NationalGeographicDownloader.py'
INFO: 2024-12-29 09:21:14,829: load() 'Jumble found plugin class: <class 'NationalGeographicDownloader.NationalGeographicDownloader'>: {'name': 'NationalGeographicDownloader', 'description': "National Geographic's photo of the day", 'author': 'Eric RÃ¶sch', 'version': '0.1'}'
INFO: 2024-12-29 09:21:14,829: _walk_modules() 'Jumble loading module in RedditDownloader from /nix/store/23201wr3m7skkg6rvjqap6hc8nmgqg4d-variety-0.8.12/lib/python3.12/site-packages/variety/plugins/builtin/downloaders/RedditDownloader.py'
INFO: 2024-12-29 09:21:14,829: _walk_modules() 'Jumble loading module in RedditSource from /nix/store/23201wr3m7skkg6rvjqap6hc8nmgqg4d-variety-0.8.12/lib/python3.12/site-packages/variety/plugins/builtin/downloaders/RedditSource.py'
INFO: 2024-12-29 09:21:14,830: load() 'Jumble found plugin class: <class 'RedditSource.RedditSource'>: {'name': 'RedditSource', 'description': 'Configurable source for fetching images from Reddit', 'author': 'Peter Levi', 'version': '0.1'}'
INFO: 2024-12-29 09:21:14,830: _walk_modules() 'Jumble loading module in UnsplashConfigurableSource from /nix/store/23201wr3m7skkg6rvjqap6hc8nmgqg4d-variety-0.8.12/lib/python3.12/site-packages/variety/plugins/builtin/downloaders/UnsplashConfigurableSource.py'
INFO: 2024-12-29 09:21:14,831: load() 'Jumble found plugin class: <class 'UnsplashConfigurableSource.UnsplashConfigurableSource'>: {'name': 'UnsplashConfigurableSource', 'description': 'Configurable source for fetching photos from Unsplash.com', 'author': 'Peter Levi', 'version': '0.1'}'
INFO: 2024-12-29 09:21:14,831: _walk_modules() 'Jumble loading module in UnsplashDownloader from /nix/store/23201wr3m7skkg6rvjqap6hc8nmgqg4d-variety-0.8.12/lib/python3.12/site-packages/variety/plugins/builtin/downloaders/UnsplashDownloader.py'
INFO: 2024-12-29 09:21:14,831: load() 'Jumble found plugin class: <class 'UnsplashDownloader.UnsplashDownloader'>: {'name': 'UnsplashDownloader', 'description': 'High-resolution photos from Unsplash.com', 'author': 'Peter Levi', 'version': '0.1'}'
INFO: 2024-12-29 09:21:14,831: _walk_modules() 'Jumble loading module in WallhavenDownloader from /nix/store/23201wr3m7skkg6rvjqap6hc8nmgqg4d-variety-0.8.12/lib/python3.12/site-packages/variety/plugins/builtin/downloaders/WallhavenDownloader.py'
INFO: 2024-12-29 09:21:14,832: _walk_modules() 'Jumble loading module in WallhavenLegacyDownloader from /nix/store/23201wr3m7skkg6rvjqap6hc8nmgqg4d-variety-0.8.12/lib/python3.12/site-packages/variety/plugins/builtin/downloaders/WallhavenLegacyDownloader.py'
INFO: 2024-12-29 09:21:14,832: _walk_modules() 'Jumble loading module in WallhavenSource from /nix/store/23201wr3m7skkg6rvjqap6hc8nmgqg4d-variety-0.8.12/lib/python3.12/site-packages/variety/plugins/builtin/downloaders/WallhavenSource.py'
INFO: 2024-12-29 09:21:14,833: load() 'Jumble found plugin class: <class 'WallhavenSource.WallhavenSource'>: {'name': 'WallhavenSource', 'description': 'Configurable source for fetching images from Wallhaven.cc', 'author': 'Peter Levi', 'version': '0.1'}'
INFO: 2024-12-29 09:21:14,833: _walk_modules() 'Jumble loading module in __init__ from /nix/store/23201wr3m7skkg6rvjqap6hc8nmgqg4d-variety-0.8.12/lib/python3.12/site-packages/variety/plugins/builtin/downloaders/__init__.py'
INFO: 2024-12-29 09:21:14,833: _walk_modules() 'Jumble loading module in FortuneSource from /nix/store/23201wr3m7skkg6rvjqap6hc8nmgqg4d-variety-0.8.12/lib/python3.12/site-packages/variety/plugins/builtin/quotes/FortuneSource.py'
INFO: 2024-12-29 09:21:14,834: load() 'Jumble found plugin class: <class 'FortuneSource.FortuneSource'>: {'name': 'UNIX fortune program', 'description': 'Displays quotes using the UNIX fortune program. You may want to install additional fortune packs, e.g. fortunes-bofh-excuses.', 'author': 'Dan Jones', 'version': '0.1'}'
INFO: 2024-12-29 09:21:14,834: _walk_modules() 'Jumble loading module in GoodreadsSource from /nix/store/23201wr3m7skkg6rvjqap6hc8nmgqg4d-variety-0.8.12/lib/python3.12/site-packages/variety/plugins/builtin/quotes/GoodreadsSource.py'
INFO: 2024-12-29 09:21:14,860: load() 'Jumble found plugin class: <class 'GoodreadsSource.GoodreadsSource'>: {'name': 'Goodreads', 'description': 'Fetches quotes from Goodreads.com', 'author': 'Peter Levi', 'version': '0.1'}'
INFO: 2024-12-29 09:21:14,860: _walk_modules() 'Jumble loading module in LocalFilesSource from /nix/store/23201wr3m7skkg6rvjqap6hc8nmgqg4d-variety-0.8.12/lib/python3.12/site-packages/variety/plugins/builtin/quotes/LocalFilesSource.py'
INFO: 2024-12-29 09:21:14,860: load() 'Jumble found plugin class: <class 'LocalFilesSource.LocalFilesSource'>: {'name': 'Local text files', 'description': 'Displays quotes, defined in local text files.\nPut your own txt files in: ~/.config/variety/pluginconfig/quotes/.\nThe file format is:\n\nquote -- author\n.\nsecond quote -- another author\n.\netc...\n\nExample: http://rvelthuis.de/zips/quotes.txt', 'author': 'Peter Levi', 'version': '0.1'}'
INFO: 2024-12-29 09:21:14,860: _walk_modules() 'Jumble loading module in QuotationsPageSource from /nix/store/23201wr3m7skkg6rvjqap6hc8nmgqg4d-variety-0.8.12/lib/python3.12/site-packages/variety/plugins/builtin/quotes/QuotationsPageSource.py'
INFO: 2024-12-29 09:21:14,861: load() 'Jumble found plugin class: <class 'QuotationsPageSource.QuotationsPageSource'>: {'name': 'TheQuotationsPage.com', 'description': 'Fetches quotes from TheQuotationsPage.com', 'author': 'Peter Levi', 'version': '0.1'}'
INFO: 2024-12-29 09:21:14,861: _walk_modules() 'Jumble loading module in UrbanDictionarySource from /nix/store/23201wr3m7skkg6rvjqap6hc8nmgqg4d-variety-0.8.12/lib/python3.12/site-packages/variety/plugins/builtin/quotes/UrbanDictionarySource.py'
INFO: 2024-12-29 09:21:14,861: load() 'Jumble found plugin class: <class 'UrbanDictionarySource.UrbanDictionarySource'>: {'name': 'Urban Dictionary', 'description': 'Displays definitions from Urban Dictionary', 'author': 'James Miller', 'version': '0.1'}'
INFO: 2024-12-29 09:21:14,861: _walk_modules() 'Jumble loading module in __init__ from /nix/store/23201wr3m7skkg6rvjqap6hc8nmgqg4d-variety-0.8.12/lib/python3.12/site-packages/variety/plugins/builtin/quotes/__init__.py'
INFO: 2024-12-29 09:21:14,871: reload_config() 'Creating new downloader for type wallhaven, location https://wallhaven.cc/search?q=id%3A74&sorting=random&ref=fp&seed=U7xbed&page=1'
INFO: 2024-12-29 09:21:14,872: log_options() 'Loaded options:'
INFO: 2024-12-29 09:21:14,872: log_options() 'change_enabled = False'
INFO: 2024-12-29 09:21:14,872: log_options() 'change_interval = 300'
INFO: 2024-12-29 09:21:14,872: log_options() 'change_on_start = False'
INFO: 2024-12-29 09:21:14,872: log_options() 'clipboard_enabled = False'
INFO: 2024-12-29 09:21:14,872: log_options() 'clipboard_hosts = ['wallhaven.cc', 'wallpapers.net', 'flickr.com', 'imgur.com', 'deviantart.com', 'interfacelift.com', 'vladstudio.com', 'imageshack.us', 'deviantart.net', 'imageshack.com']'
INFO: 2024-12-29 09:21:14,872: log_options() 'clipboard_use_whitelist = True'
INFO: 2024-12-29 09:21:14,872: log_options() 'clock_date_font = Serif 30'
INFO: 2024-12-29 09:21:14,872: log_options() 'clock_enabled = False'
INFO: 2024-12-29 09:21:14,872: log_options() 'clock_filter = -density 100 -font `fc-match -f '%{file[0]}' '%CLOCK_FONT_NAME'` -pointsize %CLOCK_FONT_SIZE -gravity SouthEast -fill '#00000044' -annotate 0x0+[%HOFFSET+58]+[%VOFFSET+108] '%H:%M' -fill white -annotate 0x0+[%HOFFSET+60]+[%VOFFSET+110] '%H:%M' -font `fc-match -f '%{file[0]}' '%DATE_FONT_NAME'` -pointsize %DATE_FONT_SIZE -fill '#00000044' -annotate 0x0+[%HOFFSET+58]+[%VOFFSET+58] '%A, %B %d' -fill white -annotate 0x0+[%HOFFSET+60]+[%VOFFSET+60] '%A, %B %d''
INFO: 2024-12-29 09:21:14,872: log_options() 'clock_font = Serif 70'
INFO: 2024-12-29 09:21:14,872: log_options() 'configfile = /home/roxor/.config/variety/variety.conf'
INFO: 2024-12-29 09:21:14,872: log_options() 'copyto_enabled = False'
INFO: 2024-12-29 09:21:14,872: log_options() 'copyto_folder = Default'
INFO: 2024-12-29 09:21:14,872: log_options() 'desired_color = [160, 160, 160]'
INFO: 2024-12-29 09:21:14,872: log_options() 'desired_color_enabled = False'
INFO: 2024-12-29 09:21:14,872: log_options() 'download_folder = /home/roxor/.config/variety/Downloaded'
INFO: 2024-12-29 09:21:14,872: log_options() 'download_preference_ratio = 0.9'
INFO: 2024-12-29 09:21:14,872: log_options() 'favorites_folder = /home/roxor/.config/variety/Favorites'
INFO: 2024-12-29 09:21:14,872: log_options() 'favorites_operations = [['Downloaded', 'Copy'], ['Fetched', 'Move'], ['Others', 'Copy']]'
INFO: 2024-12-29 09:21:14,872: log_options() 'fetched_folder = /home/roxor/.config/variety/Fetched'
INFO: 2024-12-29 09:21:14,872: log_options() 'filters = [[False, 'Keep original', ''], [False, 'Grayscale', '-type Grayscale'], [False, 'Heavy blur', '-scale 20% -blur 0x10 -resize 500%'], [False, 'Soft blur', '-scale 20% -blur 0x2 -resize 500%'], [False, 'Oil painting', '-paint 8'], [False, 'Pointilism', '-spread 10 -noise 3'], [False, 'Pixellate', '-scale 3% -scale 3333%']]'
INFO: 2024-12-29 09:21:14,872: log_options() 'get_wallpaper_script = /home/roxor/.config/variety/scripts/get_wallpaper'
INFO: 2024-12-29 09:21:14,872: log_options() 'icon = Light'
INFO: 2024-12-29 09:21:14,872: log_options() 'internet_enabled = True'
INFO: 2024-12-29 09:21:14,872: log_options() 'lightness_enabled = False'
INFO: 2024-12-29 09:21:14,872: log_options() 'lightness_mode = 0'
INFO: 2024-12-29 09:21:14,872: log_options() 'min_rating = 4'
INFO: 2024-12-29 09:21:14,872: log_options() 'min_rating_enabled = False'
INFO: 2024-12-29 09:21:14,872: log_options() 'min_size = 80'
INFO: 2024-12-29 09:21:14,872: log_options() 'min_size_enabled = False'
INFO: 2024-12-29 09:21:14,872: log_options() 'quota_enabled = True'
INFO: 2024-12-29 09:21:14,872: log_options() 'quota_size = 1000'
INFO: 2024-12-29 09:21:14,872: log_options() 'quotes_authors = '
INFO: 2024-12-29 09:21:14,872: log_options() 'quotes_bg_color = [80, 80, 80]'
INFO: 2024-12-29 09:21:14,872: log_options() 'quotes_bg_opacity = 55'
INFO: 2024-12-29 09:21:14,872: log_options() 'quotes_change_enabled = False'
INFO: 2024-12-29 09:21:14,872: log_options() 'quotes_change_interval = 300'
INFO: 2024-12-29 09:21:14,872: log_options() 'quotes_disabled_sources = ['Urban Dictionary']'
INFO: 2024-12-29 09:21:14,872: log_options() 'quotes_enabled = False'
INFO: 2024-12-29 09:21:14,872: log_options() 'quotes_favorites_file = /home/roxor/.config/variety/favorite_quotes.txt'
INFO: 2024-12-29 09:21:14,872: log_options() 'quotes_font = Serif 30'
INFO: 2024-12-29 09:21:14,872: log_options() 'quotes_hpos = 100'
INFO: 2024-12-29 09:21:14,872: log_options() 'quotes_max_length = 250'
INFO: 2024-12-29 09:21:14,872: log_options() 'quotes_tags = '
INFO: 2024-12-29 09:21:14,873: log_options() 'quotes_text_color = [255, 255, 255]'
INFO: 2024-12-29 09:21:14,873: log_options() 'quotes_text_shadow = False'
INFO: 2024-12-29 09:21:14,873: log_options() 'quotes_vpos = 40'
INFO: 2024-12-29 09:21:14,873: log_options() 'quotes_width = 70'
INFO: 2024-12-29 09:21:14,873: log_options() 'safe_mode = False'
INFO: 2024-12-29 09:21:14,873: log_options() 'set_wallpaper_script = /home/roxor/.config/variety/scripts/set_wallpaper'
INFO: 2024-12-29 09:21:14,873: log_options() 'slideshow_custom_enabled = False'
INFO: 2024-12-29 09:21:14,873: log_options() 'slideshow_custom_folder = /home/roxor/Pictures'
INFO: 2024-12-29 09:21:14,873: log_options() 'slideshow_downloads_enabled = False'
INFO: 2024-12-29 09:21:14,873: log_options() 'slideshow_fade = 0.4'
INFO: 2024-12-29 09:21:14,873: log_options() 'slideshow_favorites_enabled = True'
INFO: 2024-12-29 09:21:14,873: log_options() 'slideshow_mode = Fullscreen'
INFO: 2024-12-29 09:21:14,873: log_options() 'slideshow_monitor = All'
INFO: 2024-12-29 09:21:14,873: log_options() 'slideshow_pan = 0.05'
INFO: 2024-12-29 09:21:14,873: log_options() 'slideshow_seconds = 6.0'
INFO: 2024-12-29 09:21:14,873: log_options() 'slideshow_sort_order = Random'
INFO: 2024-12-29 09:21:14,873: log_options() 'slideshow_sources_enabled = True'
INFO: 2024-12-29 09:21:14,873: log_options() 'slideshow_zoom = 0.2'
INFO: 2024-12-29 09:21:14,873: log_options() 'smart_enabled = False'
INFO: 2024-12-29 09:21:14,873: log_options() 'smart_notice_shown = False'
INFO: 2024-12-29 09:21:14,873: log_options() 'smart_register_shown = False'
INFO: 2024-12-29 09:21:14,873: log_options() 'sources = [[True, 'favorites', 'The Favorites folder'], [False, 'fetched', 'The Fetched folder'], [False, 'folder', '/usr/share/backgrounds'], [False, 'flickr', 'user:www.flickr.com/photos/peter-levi/;user_id:93647178@N00;'], [False, 'apod', "NASA's Astronomy Picture of the Day"], [False, 'bing', 'Bing Photo of the Day'], [False, 'earthview', 'Google Earth View Wallpapers'], [False, 'natgeo', "National Geographic's photo of the day"], [False, 'unsplash', 'High-resolution photos from Unsplash.com'], [False, 'wallhaven', 'https://wallhaven.cc/search?q=abstract&categories=110&purity=100&sorting=random&order=desc&ai_art_filter=1&seed=XQUdQ2&page=2'], [True, 'wallhaven', 'https://wallhaven.cc/search?q=id%3A74&sorting=random&ref=fp&seed=U7xbed&page=1'], [False, 'folder', '/home/roxor/.config/variety/Favorites']]'
INFO: 2024-12-29 09:21:14,873: log_options() 'stats_enabled = True'
INFO: 2024-12-29 09:21:14,873: log_options() 'stats_notice_shown = False'
INFO: 2024-12-29 09:21:14,873: log_options() 'sync_enabled = True'
INFO: 2024-12-29 09:21:14,873: log_options() 'use_landscape_enabled = True'
INFO: 2024-12-29 09:21:14,873: log_options() 'wallhaven_api_key = '
INFO: 2024-12-29 09:21:14,873: log_options() 'wallpaper_auto_rotate = False'
INFO: 2024-12-29 09:21:14,873: log_options() 'wallpaper_display_mode = os'
INFO: 2024-12-29 09:21:14,873: reload_config() 'No need to clear prepared queue'
INFO: 2024-12-29 09:21:14,873: update_indicator() 'Setting file info to: /home/roxor/.config/variety/Favorites/wallhaven-r73k8w.jpg'
INFO: 2024-12-29 09:21:14,873: load_banned() 'Missing or invalid banned URLs list, no URLs will be banned'
INFO: 2024-12-29 09:21:14,873: load_last_change_time() 'Change interval < 6 hours, ignore persisted last_change_time, wait initially the whole interval: 300'
INFO: 2024-12-29 09:21:14,873: update_indicator() 'Setting file info to: /home/roxor/.config/variety/Favorites/wallhaven-r73k8w.jpg'
INFO: 2024-12-29 09:21:14,873: regular_change_thread() 'regular_change thread running'
INFO: 2024-12-29 09:21:14,874: regular_change_thread() 'regular_change: waiting till user resumes'
INFO: 2024-12-29 09:21:14,874: prepare_thread() 'Prepare thread running'
INFO: 2024-12-29 09:21:14,874: prepare_thread() 'Prepared buffer contains 0 images'
INFO: 2024-12-29 09:21:14,874: prepare_thread() 'Preparing some images'
INFO: 2024-12-29 09:21:14,875: update_indicator_icon() 'Creating indicator'
INFO: 2024-12-29 09:21:14,894: prepare_thread() 'After search prepared buffer contains 23 images'
WARNING: 2024-12-29 09:21:14,897: create_menu() 'Variety Slideshow is not installed. This is an optional extension adding pan-and-zoom slideshows to Variety: see https://github.com/peterlevi/variety-slideshow for details'
INFO: 2024-12-29 09:21:14,897: create_indicator() 'indicator backend: AyatanaAppIndicator3'
INFO: 2024-12-29 09:21:14,915: set_from_theme_icon() 'Showing indicator icon variety-indicator from GTK theme'
INFO: 2024-12-29 09:21:14,973: do_set_wp() 'Calling do_set_wp with /home/roxor/.config/variety/Favorites/wallhaven-r73k8w.jpg, time: 1735444274.9738846'
INFO: 2024-12-29 09:21:14,980: update_indicator() 'Setting file info to: /home/roxor/.config/variety/Favorites/wallhaven-r73k8w.jpg'
INFO: 2024-12-29 09:21:14,981: list_files() 'More than 1 files in the folders, stop listing'
INFO: 2024-12-29 09:21:16,028: reload() 'Reloading preferences dialog'
INFO: 2024-12-29 09:21:16,894: trigger_download() 'Triggering download thread to check if download needed and possible'
INFO: 2024-12-29 09:21:34,874: server_options_thread() 'Fetching server options from http://tiny.cc/variety-options-063'
ERROR: 2024-12-29 09:21:36,206: server_options_thread() 'Could not fetch Variety serverside options'
Traceback (most recent call last):
  File "/nix/store/qdhw0hrnlpxpx6slrqx8w63jwfchrm23-python3.12-requests-2.32.3/lib/python3.12/site-packages/requests/models.py", line 974, in json
    return complexjson.loads(self.text, **kwargs)
           ^^^^^^^^^^^^^^^^^^^^^^^^^^^^^^^^^^^^^^
  File "/nix/store/zv1kaq7f1q20x62kbjv6pfjygw5jmwl6-python3-3.12.7/lib/python3.12/json/__init__.py", line 346, in loads
    return _default_decoder.decode(s)
           ^^^^^^^^^^^^^^^^^^^^^^^^^^
  File "/nix/store/zv1kaq7f1q20x62kbjv6pfjygw5jmwl6-python3-3.12.7/lib/python3.12/json/decoder.py", line 337, in decode
    obj, end = self.raw_decode(s, idx=_w(s, 0).end())
               ^^^^^^^^^^^^^^^^^^^^^^^^^^^^^^^^^^^^^^
  File "/nix/store/zv1kaq7f1q20x62kbjv6pfjygw5jmwl6-python3-3.12.7/lib/python3.12/json/decoder.py", line 355, in raw_decode
    raise JSONDecodeError("Expecting value", s, err.value) from None
json.decoder.JSONDecodeError: Expecting value: line 1 column 1 (char 0)

During handling of the above exception, another exception occurred:

Traceback (most recent call last):
  File "/nix/store/23201wr3m7skkg6rvjqap6hc8nmgqg4d-variety-0.8.12/lib/python3.12/site-packages/variety/VarietyWindow.py", line 1084, in server_options_thread
    self.server_options = Util.fetch_json(VarietyWindow.SERVERSIDE_OPTIONS_URL)
                          ^^^^^^^^^^^^^^^^^^^^^^^^^^^^^^^^^^^^^^^^^^^^^^^^^^^^^
  File "/nix/store/23201wr3m7skkg6rvjqap6hc8nmgqg4d-variety-0.8.12/lib/python3.12/site-packages/variety/Util.py", line 684, in fetch_json
    return Util.request(url, data, **request_kwargs).json()
           ^^^^^^^^^^^^^^^^^^^^^^^^^^^^^^^^^^^^^^^^^^^^^^^^
  File "/nix/store/qdhw0hrnlpxpx6slrqx8w63jwfchrm23-python3.12-requests-2.32.3/lib/python3.12/site-packages/requests/models.py", line 978, in json
    raise RequestsJSONDecodeError(e.msg, e.doc, e.pos)
requests.exceptions.JSONDecodeError: Expecting value: line 1 column 1 (char 0)
INFO: 2024-12-29 09:22:06,879: server_options_thread() 'Fetching server options from http://tiny.cc/variety-options-063'
ERROR: 2024-12-29 09:22:07,872: server_options_thread() 'Could not fetch Variety serverside options'
Traceback (most recent call last):
  File "/nix/store/qdhw0hrnlpxpx6slrqx8w63jwfchrm23-python3.12-requests-2.32.3/lib/python3.12/site-packages/requests/models.py", line 974, in json
    return complexjson.loads(self.text, **kwargs)
           ^^^^^^^^^^^^^^^^^^^^^^^^^^^^^^^^^^^^^^
  File "/nix/store/zv1kaq7f1q20x62kbjv6pfjygw5jmwl6-python3-3.12.7/lib/python3.12/json/__init__.py", line 346, in loads
    return _default_decoder.decode(s)
           ^^^^^^^^^^^^^^^^^^^^^^^^^^
  File "/nix/store/zv1kaq7f1q20x62kbjv6pfjygw5jmwl6-python3-3.12.7/lib/python3.12/json/decoder.py", line 337, in decode
    obj, end = self.raw_decode(s, idx=_w(s, 0).end())
               ^^^^^^^^^^^^^^^^^^^^^^^^^^^^^^^^^^^^^^
  File "/nix/store/zv1kaq7f1q20x62kbjv6pfjygw5jmwl6-python3-3.12.7/lib/python3.12/json/decoder.py", line 355, in raw_decode
    raise JSONDecodeError("Expecting value", s, err.value) from None
json.decoder.JSONDecodeError: Expecting value: line 1 column 1 (char 0)

During handling of the above exception, another exception occurred:

Traceback (most recent call last):
  File "/nix/store/23201wr3m7skkg6rvjqap6hc8nmgqg4d-variety-0.8.12/lib/python3.12/site-packages/variety/VarietyWindow.py", line 1084, in server_options_thread
    self.server_options = Util.fetch_json(VarietyWindow.SERVERSIDE_OPTIONS_URL)
                          ^^^^^^^^^^^^^^^^^^^^^^^^^^^^^^^^^^^^^^^^^^^^^^^^^^^^^
  File "/nix/store/23201wr3m7skkg6rvjqap6hc8nmgqg4d-variety-0.8.12/lib/python3.12/site-packages/variety/Util.py", line 684, in fetch_json
    return Util.request(url, data, **request_kwargs).json()
           ^^^^^^^^^^^^^^^^^^^^^^^^^^^^^^^^^^^^^^^^^^^^^^^^
  File "/nix/store/qdhw0hrnlpxpx6slrqx8w63jwfchrm23-python3.12-requests-2.32.3/lib/python3.12/site-packages/requests/models.py", line 978, in json
    raise RequestsJSONDecodeError(e.msg, e.doc, e.pos)
requests.exceptions.JSONDecodeError: Expecting value: line 1 column 1 (char 0)
INFO: 2024-12-29 09:22:37,873: server_options_thread() 'Fetching server options from http://tiny.cc/variety-options-063'
ERROR: 2024-12-29 09:22:38,912: server_options_thread() 'Could not fetch Variety serverside options'
Traceback (most recent call last):
  File "/nix/store/qdhw0hrnlpxpx6slrqx8w63jwfchrm23-python3.12-requests-2.32.3/lib/python3.12/site-packages/requests/models.py", line 974, in json
    return complexjson.loads(self.text, **kwargs)
           ^^^^^^^^^^^^^^^^^^^^^^^^^^^^^^^^^^^^^^
  File "/nix/store/zv1kaq7f1q20x62kbjv6pfjygw5jmwl6-python3-3.12.7/lib/python3.12/json/__init__.py", line 346, in loads
    return _default_decoder.decode(s)
           ^^^^^^^^^^^^^^^^^^^^^^^^^^
  File "/nix/store/zv1kaq7f1q20x62kbjv6pfjygw5jmwl6-python3-3.12.7/lib/python3.12/json/decoder.py", line 337, in decode
    obj, end = self.raw_decode(s, idx=_w(s, 0).end())
               ^^^^^^^^^^^^^^^^^^^^^^^^^^^^^^^^^^^^^^
  File "/nix/store/zv1kaq7f1q20x62kbjv6pfjygw5jmwl6-python3-3.12.7/lib/python3.12/json/decoder.py", line 355, in raw_decode
    raise JSONDecodeError("Expecting value", s, err.value) from None
json.decoder.JSONDecodeError: Expecting value: line 1 column 1 (char 0)

During handling of the above exception, another exception occurred:

Traceback (most recent call last):
  File "/nix/store/23201wr3m7skkg6rvjqap6hc8nmgqg4d-variety-0.8.12/lib/python3.12/site-packages/variety/VarietyWindow.py", line 1084, in server_options_thread
    self.server_options = Util.fetch_json(VarietyWindow.SERVERSIDE_OPTIONS_URL)
                          ^^^^^^^^^^^^^^^^^^^^^^^^^^^^^^^^^^^^^^^^^^^^^^^^^^^^^
  File "/nix/store/23201wr3m7skkg6rvjqap6hc8nmgqg4d-variety-0.8.12/lib/python3.12/site-packages/variety/Util.py", line 684, in fetch_json
    return Util.request(url, data, **request_kwargs).json()
           ^^^^^^^^^^^^^^^^^^^^^^^^^^^^^^^^^^^^^^^^^^^^^^^^
  File "/nix/store/qdhw0hrnlpxpx6slrqx8w63jwfchrm23-python3.12-requests-2.32.3/lib/python3.12/site-packages/requests/models.py", line 978, in json
    raise RequestsJSONDecodeError(e.msg, e.doc, e.pos)
requests.exceptions.JSONDecodeError: Expecting value: line 1 column 1 (char 0)
INFO: 2024-12-29 09:23:08,913: server_options_thread() 'Fetching server options from http://tiny.cc/variety-options-063'
ERROR: 2024-12-29 09:23:09,927: server_options_thread() 'Could not fetch Variety serverside options'
Traceback (most recent call last):
  File "/nix/store/qdhw0hrnlpxpx6slrqx8w63jwfchrm23-python3.12-requests-2.32.3/lib/python3.12/site-packages/requests/models.py", line 974, in json
    return complexjson.loads(self.text, **kwargs)
           ^^^^^^^^^^^^^^^^^^^^^^^^^^^^^^^^^^^^^^
  File "/nix/store/zv1kaq7f1q20x62kbjv6pfjygw5jmwl6-python3-3.12.7/lib/python3.12/json/__init__.py", line 346, in loads
    return _default_decoder.decode(s)
           ^^^^^^^^^^^^^^^^^^^^^^^^^^
  File "/nix/store/zv1kaq7f1q20x62kbjv6pfjygw5jmwl6-python3-3.12.7/lib/python3.12/json/decoder.py", line 337, in decode
    obj, end = self.raw_decode(s, idx=_w(s, 0).end())
               ^^^^^^^^^^^^^^^^^^^^^^^^^^^^^^^^^^^^^^
  File "/nix/store/zv1kaq7f1q20x62kbjv6pfjygw5jmwl6-python3-3.12.7/lib/python3.12/json/decoder.py", line 355, in raw_decode
    raise JSONDecodeError("Expecting value", s, err.value) from None
json.decoder.JSONDecodeError: Expecting value: line 1 column 1 (char 0)

During handling of the above exception, another exception occurred:

Traceback (most recent call last):
  File "/nix/store/23201wr3m7skkg6rvjqap6hc8nmgqg4d-variety-0.8.12/lib/python3.12/site-packages/variety/VarietyWindow.py", line 1084, in server_options_thread
    self.server_options = Util.fetch_json(VarietyWindow.SERVERSIDE_OPTIONS_URL)
                          ^^^^^^^^^^^^^^^^^^^^^^^^^^^^^^^^^^^^^^^^^^^^^^^^^^^^^
  File "/nix/store/23201wr3m7skkg6rvjqap6hc8nmgqg4d-variety-0.8.12/lib/python3.12/site-packages/variety/Util.py", line 684, in fetch_json
    return Util.request(url, data, **request_kwargs).json()
           ^^^^^^^^^^^^^^^^^^^^^^^^^^^^^^^^^^^^^^^^^^^^^^^^
  File "/nix/store/qdhw0hrnlpxpx6slrqx8w63jwfchrm23-python3.12-requests-2.32.3/lib/python3.12/site-packages/requests/models.py", line 978, in json
    raise RequestsJSONDecodeError(e.msg, e.doc, e.pos)
requests.exceptions.JSONDecodeError: Expecting value: line 1 column 1 (char 0)
INFO: 2024-12-29 09:23:39,928: server_options_thread() 'Fetching server options from http://tiny.cc/variety-options-063'
ERROR: 2024-12-29 09:23:40,977: server_options_thread() 'Could not fetch Variety serverside options'
Traceback (most recent call last):
  File "/nix/store/qdhw0hrnlpxpx6slrqx8w63jwfchrm23-python3.12-requests-2.32.3/lib/python3.12/site-packages/requests/models.py", line 974, in json
    return complexjson.loads(self.text, **kwargs)
           ^^^^^^^^^^^^^^^^^^^^^^^^^^^^^^^^^^^^^^
  File "/nix/store/zv1kaq7f1q20x62kbjv6pfjygw5jmwl6-python3-3.12.7/lib/python3.12/json/__init__.py", line 346, in loads
    return _default_decoder.decode(s)
           ^^^^^^^^^^^^^^^^^^^^^^^^^^
  File "/nix/store/zv1kaq7f1q20x62kbjv6pfjygw5jmwl6-python3-3.12.7/lib/python3.12/json/decoder.py", line 337, in decode
    obj, end = self.raw_decode(s, idx=_w(s, 0).end())
               ^^^^^^^^^^^^^^^^^^^^^^^^^^^^^^^^^^^^^^
  File "/nix/store/zv1kaq7f1q20x62kbjv6pfjygw5jmwl6-python3-3.12.7/lib/python3.12/json/decoder.py", line 355, in raw_decode
    raise JSONDecodeError("Expecting value", s, err.value) from None
json.decoder.JSONDecodeError: Expecting value: line 1 column 1 (char 0)

During handling of the above exception, another exception occurred:

Traceback (most recent call last):
  File "/nix/store/23201wr3m7skkg6rvjqap6hc8nmgqg4d-variety-0.8.12/lib/python3.12/site-packages/variety/VarietyWindow.py", line 1084, in server_options_thread
    self.server_options = Util.fetch_json(VarietyWindow.SERVERSIDE_OPTIONS_URL)
                          ^^^^^^^^^^^^^^^^^^^^^^^^^^^^^^^^^^^^^^^^^^^^^^^^^^^^^
  File "/nix/store/23201wr3m7skkg6rvjqap6hc8nmgqg4d-variety-0.8.12/lib/python3.12/site-packages/variety/Util.py", line 684, in fetch_json
    return Util.request(url, data, **request_kwargs).json()
           ^^^^^^^^^^^^^^^^^^^^^^^^^^^^^^^^^^^^^^^^^^^^^^^^
  File "/nix/store/qdhw0hrnlpxpx6slrqx8w63jwfchrm23-python3.12-requests-2.32.3/lib/python3.12/site-packages/requests/models.py", line 978, in json
    raise RequestsJSONDecodeError(e.msg, e.doc, e.pos)
requests.exceptions.JSONDecodeError: Expecting value: line 1 column 1 (char 0)
